nohup: ignoring input
[NbConvertApp] Converting notebook nodag/nodag_gs_test_lam.ipynb to notebook
[NbConvertApp] Writing 54662 bytes to nodag/nodag/nodag_gs_test_lam_run.ipynb
Traceback (most recent call last):
  File "/home/yin/.venv/bin/jupyter-nbconvert", line 8, in <module>
    sys.exit(main())
  File "/home/yin/.venv/lib/python3.8/site-packages/jupyter_core/application.py", line 284, in launch_instance
    super().launch_instance(argv=argv, **kwargs)
  File "/home/yin/.venv/lib/python3.8/site-packages/traitlets/config/application.py", line 1075, in launch_instance
    app.start()
  File "/home/yin/.venv/lib/python3.8/site-packages/nbconvert/nbconvertapp.py", line 420, in start
    self.convert_notebooks()
  File "/home/yin/.venv/lib/python3.8/site-packages/nbconvert/nbconvertapp.py", line 597, in convert_notebooks
    self.convert_single_notebook(notebook_filename)
  File "/home/yin/.venv/lib/python3.8/site-packages/nbconvert/nbconvertapp.py", line 566, in convert_single_notebook
    write_results = self.write_single_notebook(output, resources)
  File "/home/yin/.venv/lib/python3.8/site-packages/nbconvert/nbconvertapp.py", line 526, in write_single_notebook
    return self.writer.write(output, resources, notebook_name=notebook_name)
  File "/home/yin/.venv/lib/python3.8/site-packages/nbconvert/writers/files.py", line 152, in write
    with open(dest_path, "w", encoding="utf-8") as f:
FileNotFoundError: [Errno 2] No such file or directory: 'nodag/nodag/nodag_gs_test_lam_run.ipynb'
