[NbConvertApp] Converting notebook /home/yin/DAG/experiments/notebooks/test/2026-05-16/test_calm_convergence.ipynb to notebook
Traceback (most recent call last):
  File "/home/yin/DAG/.venv/bin/jupyter-nbconvert", line 6, in <module>
    sys.exit(main())
  File "/home/yin/DAG/.venv/lib/python3.10/site-packages/jupyter_core/application.py", line 284, in launch_instance
    super().launch_instance(argv=argv, **kwargs)
  File "/home/yin/DAG/.venv/lib/python3.10/site-packages/traitlets/config/application.py", line 1082, in launch_instance
    app.start()
  File "/home/yin/DAG/.venv/lib/python3.10/site-packages/nbconvert/nbconvertapp.py", line 420, in start
    self.convert_notebooks()
  File "/home/yin/DAG/.venv/lib/python3.10/site-packages/nbconvert/nbconvertapp.py", line 597, in convert_notebooks
    self.convert_single_notebook(notebook_filename)
  File "/home/yin/DAG/.venv/lib/python3.10/site-packages/nbconvert/nbconvertapp.py", line 563, in convert_single_notebook
    output, resources = self.export_single_notebook(
  File "/home/yin/DAG/.venv/lib/python3.10/site-packages/nbconvert/nbconvertapp.py", line 487, in export_single_notebook
    output, resources = self.exporter.from_filename(
  File "/home/yin/DAG/.venv/lib/python3.10/site-packages/nbconvert/exporters/exporter.py", line 201, in from_filename
    return self.from_file(f, resources=resources, **kw)
  File "/home/yin/DAG/.venv/lib/python3.10/site-packages/nbconvert/exporters/exporter.py", line 220, in from_file
    return self.from_notebook_node(
  File "/home/yin/DAG/.venv/lib/python3.10/site-packages/nbconvert/exporters/notebook.py", line 36, in from_notebook_node
    nb_copy, resources = super().from_notebook_node(nb, resources, **kw)
  File "/home/yin/DAG/.venv/lib/python3.10/site-packages/nbconvert/exporters/exporter.py", line 154, in from_notebook_node
    nb_copy, resources = self._preprocess(nb_copy, resources)
  File "/home/yin/DAG/.venv/lib/python3.10/site-packages/nbconvert/exporters/exporter.py", line 353, in _preprocess
    nbc, resc = preprocessor(nbc, resc)
  File "/home/yin/DAG/.venv/lib/python3.10/site-packages/nbconvert/preprocessors/base.py", line 48, in __call__
    return self.preprocess(nb, resources)
  File "/home/yin/DAG/.venv/lib/python3.10/site-packages/nbconvert/preprocessors/execute.py", line 103, in preprocess
    self.preprocess_cell(cell, resources, index)
  File "/home/yin/DAG/.venv/lib/python3.10/site-packages/nbconvert/preprocessors/execute.py", line 124, in preprocess_cell
    cell = self.execute_cell(cell, index, store_history=True)
  File "/home/yin/DAG/.venv/lib/python3.10/site-packages/jupyter_core/utils/__init__.py", line 165, in wrapped
    return loop.run_until_complete(inner)
  File "/usr/lib/python3.10/asyncio/base_events.py", line 649, in run_until_complete
    return future.result()
  File "/home/yin/DAG/.venv/lib/python3.10/site-packages/nbclient/client.py", line 1062, in async_execute_cell
    await self._check_raise_for_error(cell, cell_index, exec_reply)
  File "/home/yin/DAG/.venv/lib/python3.10/site-packages/nbclient/client.py", line 918, in _check_raise_for_error
    raise CellExecutionError.from_cell_and_msg(cell, exec_reply_content)
nbclient.exceptions.CellExecutionError: An error occurred while executing the following cell:
------------------
ALGO_NAME = "CALM"
TAG       = "calm_convergence"

sys.path.insert(0, str(REPO_ROOT / "external" / "CALM"))
import torch
from CALMUtils import CalmModel
from iamb import iamb_markov_network
print("CALM modules: OK")
------------------


[0;31m---------------------------------------------------------------------------[0m
[0;31mImportError[0m                               Traceback (most recent call last)
Cell [0;32mIn[2], line 6[0m
[1;32m      4[0m sys[38;5;241m.[39mpath[38;5;241m.[39minsert([38;5;241m0[39m, [38;5;28mstr[39m(REPO_ROOT [38;5;241m/[39m [38;5;124m"[39m[38;5;124mexternal[39m[38;5;124m"[39m [38;5;241m/[39m [38;5;124m"[39m[38;5;124mCALM[39m[38;5;124m"[39m))
[1;32m      5[0m [38;5;28;01mimport[39;00m[38;5;250m [39m[38;5;21;01mtorch[39;00m
[0;32m----> 6[0m [38;5;28;01mfrom[39;00m[38;5;250m [39m[38;5;21;01mCALMUtils[39;00m[38;5;250m [39m[38;5;28;01mimport[39;00m CalmModel
[1;32m      7[0m [38;5;28;01mfrom[39;00m[38;5;250m [39m[38;5;21;01miamb[39;00m[38;5;250m [39m[38;5;28;01mimport[39;00m iamb_markov_network
[1;32m      8[0m [38;5;28mprint[39m([38;5;124m"[39m[38;5;124mCALM modules: OK[39m[38;5;124m"[39m)

[0;31mImportError[0m: cannot import name 'CalmModel' from 'CALMUtils' (/home/yin/DAG/external/CALM/CALMUtils.py)

