[NbConvertApp] Converting notebook /home/yin/DAG/experiments/notebooks/test/2026-05-15/test_cd_A_weakfaith_scaling.ipynb to notebook
/home/yin/DAG/.venv/lib/python3.10/site-packages/nbformat/__init__.py:96: MissingIDFieldWarning: Cell is missing an id field, this will become a hard error in future nbformat versions. You may want to use `normalize()` on your notebooks before validations (available since nbformat 5.1.4). Previous versions of nbformat are fixing this issue transparently, and will stop doing so in the future.
  validate(nb)
[NbConvertApp] ERROR | Timeout waiting for execute reply (7200s).
[IPKernelApp] ERROR | Exception in message handler:
Traceback (most recent call last):
  File "/home/yin/DAG/.venv/lib/python3.10/site-packages/ipykernel/kernelbase.py", line 478, in dispatch_shell
    await result
  File "/home/yin/DAG/.venv/lib/python3.10/site-packages/ipykernel/ipkernel.py", line 372, in execute_request
    await super().execute_request(stream, ident, parent)
  File "/home/yin/DAG/.venv/lib/python3.10/site-packages/ipykernel/kernelbase.py", line 857, in execute_request
    reply_msg: dict[str, t.Any] = self.session.send(  # type:ignore[assignment]
  File "/home/yin/DAG/.venv/lib/python3.10/site-packages/jupyter_client/session.py", line 867, in send
    stream.send_multipart(to_send, copy=copy)
  File "/home/yin/DAG/.venv/lib/python3.10/site-packages/zmq/sugar/socket.py", line 749, in send_multipart
    self.send(msg, zmq.SNDMORE | flags, copy=copy, track=track)
  File "/home/yin/DAG/.venv/lib/python3.10/site-packages/zmq/sugar/socket.py", line 698, in send
    return super().send(data, flags=flags, copy=copy, track=track)
  File "zmq/backend/cython/_zmq.py", line 1152, in zmq.backend.cython._zmq.Socket.send
  File "zmq/backend/cython/_zmq.py", line 1194, in zmq.backend.cython._zmq.Socket.send
  File "zmq/backend/cython/_zmq.py", line 1339, in zmq.backend.cython._zmq._check_closed
zmq.error.ZMQError: Socket operation on non-socket
Traceback (most recent call last):
  File "/home/yin/DAG/.venv/lib/python3.10/site-packages/nbclient/client.py", line 782, in _async_poll_for_reply
    msg = await ensure_async(self.kc.shell_channel.get_msg(timeout=new_timeout))
  File "/home/yin/DAG/.venv/lib/python3.10/site-packages/jupyter_core/utils/__init__.py", line 214, in ensure_async
    result = await obj
  File "/home/yin/DAG/.venv/lib/python3.10/site-packages/jupyter_client/channels.py", line 316, in get_msg
    raise Empty
_queue.Empty

During handling of the above exception, another exception occurred:

Traceback (most recent call last):
  File "/home/yin/DAG/.venv/bin/jupyter-nbconvert", line 6, in <module>
    sys.exit(main())
  File "/home/yin/DAG/.venv/lib/python3.10/site-packages/jupyter_core/application.py", line 284, in launch_instance
    super().launch_instance(argv=argv, **kwargs)
  File "/home/yin/DAG/.venv/lib/python3.10/site-packages/traitlets/config/application.py", line 1082, in launch_instance
    app.start()
  File "/home/yin/DAG/.venv/lib/python3.10/site-packages/nbconvert/nbconvertapp.py", line 420, in start
    self.convert_notebooks()
  File "/home/yin/DAG/.venv/lib/python3.10/site-packages/nbconvert/nbconvertapp.py", line 597, in convert_notebooks
    self.convert_single_notebook(notebook_filename)
  File "/home/yin/DAG/.venv/lib/python3.10/site-packages/nbconvert/nbconvertapp.py", line 563, in convert_single_notebook
    output, resources = self.export_single_notebook(
  File "/home/yin/DAG/.venv/lib/python3.10/site-packages/nbconvert/nbconvertapp.py", line 487, in export_single_notebook
    output, resources = self.exporter.from_filename(
  File "/home/yin/DAG/.venv/lib/python3.10/site-packages/nbconvert/exporters/exporter.py", line 201, in from_filename
    return self.from_file(f, resources=resources, **kw)
  File "/home/yin/DAG/.venv/lib/python3.10/site-packages/nbconvert/exporters/exporter.py", line 220, in from_file
    return self.from_notebook_node(
  File "/home/yin/DAG/.venv/lib/python3.10/site-packages/nbconvert/exporters/notebook.py", line 36, in from_notebook_node
    nb_copy, resources = super().from_notebook_node(nb, resources, **kw)
  File "/home/yin/DAG/.venv/lib/python3.10/site-packages/nbconvert/exporters/exporter.py", line 154, in from_notebook_node
    nb_copy, resources = self._preprocess(nb_copy, resources)
  File "/home/yin/DAG/.venv/lib/python3.10/site-packages/nbconvert/exporters/exporter.py", line 353, in _preprocess
    nbc, resc = preprocessor(nbc, resc)
  File "/home/yin/DAG/.venv/lib/python3.10/site-packages/nbconvert/preprocessors/base.py", line 48, in __call__
    return self.preprocess(nb, resources)
  File "/home/yin/DAG/.venv/lib/python3.10/site-packages/nbconvert/preprocessors/execute.py", line 103, in preprocess
    self.preprocess_cell(cell, resources, index)
  File "/home/yin/DAG/.venv/lib/python3.10/site-packages/nbconvert/preprocessors/execute.py", line 124, in preprocess_cell
    cell = self.execute_cell(cell, index, store_history=True)
  File "/home/yin/DAG/.venv/lib/python3.10/site-packages/jupyter_core/utils/__init__.py", line 165, in wrapped
    return loop.run_until_complete(inner)
  File "/usr/lib/python3.10/asyncio/base_events.py", line 649, in run_until_complete
    return future.result()
  File "/home/yin/DAG/.venv/lib/python3.10/site-packages/nbclient/client.py", line 1005, in async_execute_cell
    exec_reply = await self.task_poll_for_reply
  File "/home/yin/DAG/.venv/lib/python3.10/site-packages/nbclient/client.py", line 806, in _async_poll_for_reply
    error_on_timeout_execute_reply = await self._async_handle_timeout(timeout, cell)
  File "/home/yin/DAG/.venv/lib/python3.10/site-packages/nbclient/client.py", line 856, in _async_handle_timeout
    raise CellTimeoutError.error_from_timeout_and_cell(
nbclient.exceptions.CellTimeoutError: A cell timed out while it was being executed, after 7200 seconds.
The message was: Cell execution timed out.
Here is a preview of the cell contents:
-------------------
['records = []', 'stopped_at_d = None', 'rng = np.random.default_rng(SEED_BASE)', 'seeds = rng.integers(0, 10**9, size=(len(D_LIST), TRIALS))', '']
...
['                        "std_sec": np.std(trial_times), "n_trials": len(trial_times)})', '', 'df = pd.DataFrame(records)', 'print()', 'print(df.to_string(index=False))']
-------------------

