[NbConvertApp] Converting notebook /home/yin/DAG/experiments/notebooks/test/2026-05-16/test_fges_convergence.ipynb to notebook
Traceback (most recent call last):
  File "/home/yin/DAG/.venv/lib/python3.10/site-packages/nbformat/reader.py", line 19, in parse_json
    nb_dict = json.loads(s, **kwargs)
  File "/usr/lib/python3.10/json/__init__.py", line 346, in loads
    return _default_decoder.decode(s)
  File "/usr/lib/python3.10/json/decoder.py", line 337, in decode
    obj, end = self.raw_decode(s, idx=_w(s, 0).end())
  File "/usr/lib/python3.10/json/decoder.py", line 353, in raw_decode
    obj, end = self.scan_once(s, idx)
json.decoder.JSONDecodeError: Expecting ',' delimiter: line 13 column 35 (char 299)

The above exception was the direct cause of the following exception:

Traceback (most recent call last):
  File "/home/yin/DAG/.venv/bin/jupyter-nbconvert", line 6, in <module>
    sys.exit(main())
  File "/home/yin/DAG/.venv/lib/python3.10/site-packages/jupyter_core/application.py", line 284, in launch_instance
    super().launch_instance(argv=argv, **kwargs)
  File "/home/yin/DAG/.venv/lib/python3.10/site-packages/traitlets/config/application.py", line 1082, in launch_instance
    app.start()
  File "/home/yin/DAG/.venv/lib/python3.10/site-packages/nbconvert/nbconvertapp.py", line 420, in start
    self.convert_notebooks()
  File "/home/yin/DAG/.venv/lib/python3.10/site-packages/nbconvert/nbconvertapp.py", line 597, in convert_notebooks
    self.convert_single_notebook(notebook_filename)
  File "/home/yin/DAG/.venv/lib/python3.10/site-packages/nbconvert/nbconvertapp.py", line 563, in convert_single_notebook
    output, resources = self.export_single_notebook(
  File "/home/yin/DAG/.venv/lib/python3.10/site-packages/nbconvert/nbconvertapp.py", line 487, in export_single_notebook
    output, resources = self.exporter.from_filename(
  File "/home/yin/DAG/.venv/lib/python3.10/site-packages/nbconvert/exporters/exporter.py", line 201, in from_filename
    return self.from_file(f, resources=resources, **kw)
  File "/home/yin/DAG/.venv/lib/python3.10/site-packages/nbconvert/exporters/exporter.py", line 221, in from_file
    nbformat.read(file_stream, as_version=4), resources=resources, **kw
  File "/home/yin/DAG/.venv/lib/python3.10/site-packages/nbformat/__init__.py", line 174, in read
    return reads(buf, as_version, capture_validation_error, **kwargs)
  File "/home/yin/DAG/.venv/lib/python3.10/site-packages/nbformat/__init__.py", line 92, in reads
    nb = reader.reads(s, **kwargs)
  File "/home/yin/DAG/.venv/lib/python3.10/site-packages/nbformat/reader.py", line 75, in reads
    nb_dict = parse_json(s, **kwargs)
  File "/home/yin/DAG/.venv/lib/python3.10/site-packages/nbformat/reader.py", line 25, in parse_json
    raise NotJSONError(message) from e
nbformat.reader.NotJSONError: Notebook does not appear to be JSON: '{\n "cells": [\n  {\n   "cell_type": "m...
